#
# There is insufficient memory for the Java Runtime Environment to continue.
# Native memory allocation (mmap) failed to map 536870912 bytes for committing reserved memory.
# Possible reasons:
#   The system is out of physical RAM or swap space
#   In 32 bit mode, the process size limit was hit
# Possible solutions:
#   Reduce memory load on the system
#   Increase physical memory or swap space
#   Check if swap backing store is full
#   Use 64 bit Java on a 64 bit OS
#   Decrease Java heap size (-Xmx/-Xms)
#   Decrease number of Java threads
#   Decrease Java thread stack sizes (-Xss)
#   Set larger code cache with -XX:ReservedCodeCacheSize=
# This output file may be truncated or incomplete.
#
#  Out of Memory Error (os_linux.cpp:2627), pid=16741, tid=139983878698752
#
# JRE version:  (8.0_72-b15) (build )
# Java VM: Java HotSpot(TM) 64-Bit Server VM (25.72-b15 mixed mode linux-amd64 compressed oops)
# Failed to write core dump. Core dumps have been disabled. To enable core dumping, try "ulimit -c unlimited" before starting Java again
#

---------------  T H R E A D  ---------------

Current thread (0x00007f5080017000):  JavaThread "Unknown thread" [_thread_in_vm, id=16747, stack(0x00007f50894d3000,0x00007f50895d4000)]

Stack: [0x00007f50894d3000,0x00007f50895d4000],  sp=0x00007f50895d2370,  free space=1020k
Native frames: (J=compiled Java code, j=interpreted, Vv=VM code, C=native code)
V  [libjvm.so+0xaba7ea]  VMError::report_and_die()+0x2ba
V  [libjvm.so+0x4f9e3b]  report_vm_out_of_memory(char const*, int, unsigned long, VMErrorType, char const*)+0x8b
V  [libjvm.so+0x91b613]  os::Linux::commit_memory_impl(char*, unsigned long, bool)+0x103
V  [libjvm.so+0x91bb69]  os::pd_commit_memory(char*, unsigned long, unsigned long, bool)+0x29
V  [libjvm.so+0x915e6a]  os::commit_memory(char*, unsigned long, unsigned long, bool)+0x2a
V  [libjvm.so+0x989543]  PSVirtualSpace::expand_by(unsigned long)+0x53
V  [libjvm.so+0x979687]  PSOldGen::initialize(ReservedSpace, unsigned long, char const*, int)+0xb7
V  [libjvm.so+0x2d827a]  AdjoiningGenerations::AdjoiningGenerations(ReservedSpace, GenerationSizer*, unsigned long)+0x39a
V  [libjvm.so+0x93e9c6]  ParallelScavengeHeap::initialize()+0x1d6
V  [libjvm.so+0xa8301b]  Universe::initialize_heap()+0xfb
V  [libjvm.so+0xa8338e]  universe_init()+0x3e
V  [libjvm.so+0x6392c5]  init_globals()+0x65
V  [libjvm.so+0xa6758e]  Threads::create_vm(JavaVMInitArgs*, bool*)+0x23e
V  [libjvm.so+0x6cd7e4]  JNI_CreateJavaVM+0x74
C  [libjli.so+0x745e]  JavaMain+0x9e
C  [libpthread.so.0+0x8182]  start_thread+0xc2


---------------  P R O C E S S  ---------------

Java Threads: ( => current thread )

Other Threads:

=>0x00007f5080017000 (exited) JavaThread "Unknown thread" [_thread_in_vm, id=16747, stack(0x00007f50894d3000,0x00007f50895d4000)]

VM state:not at safepoint (not fully initialized)

VM Mutex/Monitor currently owned by a thread: None

GC Heap History (0 events):
No events

Deoptimization events (0 events):
No events

Internal exceptions (0 events):
No events

Events (0 events):
No events


Dynamic libraries:
00400000-00401000 r-xp 00000000 08:06 4065301                            /usr/lib/jvm/java-8-oracle/bin/java
00600000-00601000 rw-p 00000000 08:06 4065301                            /usr/lib/jvm/java-8-oracle/bin/java
019d4000-019f5000 rw-p 00000000 00:00 0                                  [heap]
f0000000-100000000 rw-p 00000000 00:00 0 
7f5071000000-7f5071270000 rwxp 00000000 00:00 0 
7f5071270000-7f5080000000 ---p 00000000 00:00 0 
7f5080000000-7f508003f000 rw-p 00000000 00:00 0 
7f508003f000-7f5084000000 ---p 00000000 00:00 0 
7f5085c7f000-7f5085f04000 rw-p 00000000 00:00 0 
7f5085f04000-7f5086004000 ---p 00000000 00:00 0 
7f5086004000-7f508608f000 rw-p 00000000 00:00 0 
7f508608f000-7f5086445000 ---p 00000000 00:00 0 
7f5086445000-7f508645f000 r-xp 00000000 08:06 4065492                    /usr/lib/jvm/java-8-oracle/jre/lib/amd64/libzip.so
7f508645f000-7f508665f000 ---p 0001a000 08:06 4065492                    /usr/lib/jvm/java-8-oracle/jre/lib/amd64/libzip.so
7f508665f000-7f5086660000 rw-p 0001a000 08:06 4065492                    /usr/lib/jvm/java-8-oracle/jre/lib/amd64/libzip.so
7f5086660000-7f508666b000 r-xp 00000000 08:06 4853989                    /lib/x86_64-linux-gnu/libnss_files-2.19.so
7f508666b000-7f508686a000 ---p 0000b000 08:06 4853989                    /lib/x86_64-linux-gnu/libnss_files-2.19.so
7f508686a000-7f508686b000 r--p 0000a000 08:06 4853989                    /lib/x86_64-linux-gnu/libnss_files-2.19.so
7f508686b000-7f508686c000 rw-p 0000b000 08:06 4853989                    /lib/x86_64-linux-gnu/libnss_files-2.19.so
7f508686c000-7f5086877000 r-xp 00000000 08:06 4853999                    /lib/x86_64-linux-gnu/libnss_nis-2.19.so
7f5086877000-7f5086a76000 ---p 0000b000 08:06 4853999                    /lib/x86_64-linux-gnu/libnss_nis-2.19.so
7f5086a76000-7f5086a77000 r--p 0000a000 08:06 4853999                    /lib/x86_64-linux-gnu/libnss_nis-2.19.so
7f5086a77000-7f5086a78000 rw-p 0000b000 08:06 4853999                    /lib/x86_64-linux-gnu/libnss_nis-2.19.so
7f5086a78000-7f5086a8f000 r-xp 00000000 08:06 4853983                    /lib/x86_64-linux-gnu/libnsl-2.19.so
7f5086a8f000-7f5086c8e000 ---p 00017000 08:06 4853983                    /lib/x86_64-linux-gnu/libnsl-2.19.so
7f5086c8e000-7f5086c8f000 r--p 00016000 08:06 4853983                    /lib/x86_64-linux-gnu/libnsl-2.19.so
7f5086c8f000-7f5086c90000 rw-p 00017000 08:06 4853983                    /lib/x86_64-linux-gnu/libnsl-2.19.so
7f5086c90000-7f5086c92000 rw-p 00000000 00:00 0 
7f5086c92000-7f5086c9b000 r-xp 00000000 08:06 4853985                    /lib/x86_64-linux-gnu/libnss_compat-2.19.so
7f5086c9b000-7f5086e9a000 ---p 00009000 08:06 4853985                    /lib/x86_64-linux-gnu/libnss_compat-2.19.so
7f5086e9a000-7f5086e9b000 r--p 00008000 08:06 4853985                    /lib/x86_64-linux-gnu/libnss_compat-2.19.so
7f5086e9b000-7f5086e9c000 rw-p 00009000 08:06 4853985                    /lib/x86_64-linux-gnu/libnss_compat-2.19.so
7f5086e9c000-7f5086ea6000 r-xp 00000000 08:06 4065540                    /usr/lib/jvm/java-8-oracle/jre/lib/amd64/libinstrument.so
7f5086ea6000-7f50870a5000 ---p 0000a000 08:06 4065540                    /usr/lib/jvm/java-8-oracle/jre/lib/amd64/libinstrument.so
7f50870a5000-7f50870a6000 rw-p 00009000 08:06 4065540                    /usr/lib/jvm/java-8-oracle/jre/lib/amd64/libinstrument.so
7f50870a6000-7f50870d0000 r-xp 00000000 08:06 4065494                    /usr/lib/jvm/java-8-oracle/jre/lib/amd64/libjava.so
7f50870d0000-7f50872d0000 ---p 0002a000 08:06 4065494                    /usr/lib/jvm/java-8-oracle/jre/lib/amd64/libjava.so
7f50872d0000-7f50872d2000 rw-p 0002a000 08:06 4065494                    /usr/lib/jvm/java-8-oracle/jre/lib/amd64/libjava.so
7f50872d2000-7f50872df000 r-xp 00000000 08:06 4065522                    /usr/lib/jvm/java-8-oracle/jre/lib/amd64/libverify.so
7f50872df000-7f50874df000 ---p 0000d000 08:06 4065522                    /usr/lib/jvm/java-8-oracle/jre/lib/amd64/libverify.so
7f50874df000-7f50874e1000 rw-p 0000d000 08:06 4065522                    /usr/lib/jvm/java-8-oracle/jre/lib/amd64/libverify.so
7f50874e1000-7f50874e8000 r-xp 00000000 08:06 4854042                    /lib/x86_64-linux-gnu/librt-2.19.so
7f50874e8000-7f50876e7000 ---p 00007000 08:06 4854042                    /lib/x86_64-linux-gnu/librt-2.19.so
7f50876e7000-7f50876e8000 r--p 00006000 08:06 4854042                    /lib/x86_64-linux-gnu/librt-2.19.so
7f50876e8000-7f50876e9000 rw-p 00007000 08:06 4854042                    /lib/x86_64-linux-gnu/librt-2.19.so
7f50876e9000-7f50877ee000 r-xp 00000000 08:06 4853964                    /lib/x86_64-linux-gnu/libm-2.19.so
7f50877ee000-7f50879ed000 ---p 00105000 08:06 4853964                    /lib/x86_64-linux-gnu/libm-2.19.so
7f50879ed000-7f50879ee000 r--p 00104000 08:06 4853964                    /lib/x86_64-linux-gnu/libm-2.19.so
7f50879ee000-7f50879ef000 rw-p 00105000 08:06 4853964                    /lib/x86_64-linux-gnu/libm-2.19.so
7f50879ef000-7f50886ae000 r-xp 00000000 08:06 4065513                    /usr/lib/jvm/java-8-oracle/jre/lib/amd64/server/libjvm.so
7f50886ae000-7f50888ad000 ---p 00cbf000 08:06 4065513                    /usr/lib/jvm/java-8-oracle/jre/lib/amd64/server/libjvm.so
7f50888ad000-7f5088986000 rw-p 00cbe000 08:06 4065513                    /usr/lib/jvm/java-8-oracle/jre/lib/amd64/server/libjvm.so
7f5088986000-7f50889cf000 rw-p 00000000 00:00 0 
7f50889cf000-7f5088b8a000 r-xp 00000000 08:06 4853914                    /lib/x86_64-linux-gnu/libc-2.19.so
7f5088b8a000-7f5088d89000 ---p 001bb000 08:06 4853914                    /lib/x86_64-linux-gnu/libc-2.19.so
7f5088d89000-7f5088d8d000 r--p 001ba000 08:06 4853914                    /lib/x86_64-linux-gnu/libc-2.19.so
7f5088d8d000-7f5088d8f000 rw-p 001be000 08:06 4853914                    /lib/x86_64-linux-gnu/libc-2.19.so
7f5088d8f000-7f5088d94000 rw-p 00000000 00:00 0 
7f5088d94000-7f5088d97000 r-xp 00000000 08:06 4853931                    /lib/x86_64-linux-gnu/libdl-2.19.so
7f5088d97000-7f5088f96000 ---p 00003000 08:06 4853931                    /lib/x86_64-linux-gnu/libdl-2.19.so
7f5088f96000-7f5088f97000 r--p 00002000 08:06 4853931                    /lib/x86_64-linux-gnu/libdl-2.19.so
7f5088f97000-7f5088f98000 rw-p 00003000 08:06 4853931                    /lib/x86_64-linux-gnu/libdl-2.19.so
7f5088f98000-7f5088fad000 r-xp 00000000 08:06 4070910                    /usr/lib/jvm/java-8-oracle/lib/amd64/jli/libjli.so
7f5088fad000-7f50891ad000 ---p 00015000 08:06 4070910                    /usr/lib/jvm/java-8-oracle/lib/amd64/jli/libjli.so
7f50891ad000-7f50891ae000 rw-p 00015000 08:06 4070910                    /usr/lib/jvm/java-8-oracle/lib/amd64/jli/libjli.so
7f50891ae000-7f50891c7000 r-xp 00000000 08:06 4854034                    /lib/x86_64-linux-gnu/libpthread-2.19.so
7f50891c7000-7f50893c6000 ---p 00019000 08:06 4854034                    /lib/x86_64-linux-gnu/libpthread-2.19.so
7f50893c6000-7f50893c7000 r--p 00018000 08:06 4854034                    /lib/x86_64-linux-gnu/libpthread-2.19.so
7f50893c7000-7f50893c8000 rw-p 00019000 08:06 4854034                    /lib/x86_64-linux-gnu/libpthread-2.19.so
7f50893c8000-7f50893cc000 rw-p 00000000 00:00 0 
7f50893cc000-7f50893ef000 r-xp 00000000 08:06 4853890                    /lib/x86_64-linux-gnu/ld-2.19.so
7f50894d3000-7f50894d6000 ---p 00000000 00:00 0 
7f50894d6000-7f50895d8000 rw-p 00000000 00:00 0                          [stack:16747]
7f50895df000-7f50895e2000 rw-p 00000000 00:00 0 
7f50895e2000-7f50895ea000 rw-s 00000000 08:06 5650546                    /tmp/hsperfdata_moustaud/16741
7f50895ea000-7f50895eb000 rw-p 00000000 00:00 0 
7f50895eb000-7f50895ec000 r--p 00000000 00:00 0 
7f50895ec000-7f50895ee000 rw-p 00000000 00:00 0 
7f50895ee000-7f50895ef000 r--p 00022000 08:06 4853890                    /lib/x86_64-linux-gnu/ld-2.19.so
7f50895ef000-7f50895f0000 rw-p 00023000 08:06 4853890                    /lib/x86_64-linux-gnu/ld-2.19.so
7f50895f0000-7f50895f1000 rw-p 00000000 00:00 0 
7ffe9b3f3000-7ffe9b41a000 rw-p 00000000 00:00 0                          [stack]
7ffe9b5c3000-7ffe9b5c5000 r--p 00000000 00:00 0                          [vvar]
7ffe9b5c5000-7ffe9b5c7000 r-xp 00000000 00:00 0                          [vdso]
ffffffffff600000-ffffffffff601000 r-xp 00000000 00:00 0                  [vsyscall]

VM Arguments:
jvm_args: -Dendpoints.shutdown.enabled=true -Denv=development -Dgrails.env=development -Dgrails.full.stacktrace -Dinfo.app.grailsVersion=3.1.1 -Dinfo.app.name=GRUS -Dinfo.app.version=0.1 -Djdk.reflect.allowGetCallerClass=true -Drun.active=true -Dspringloaded=inclusions=grails.plugins..*;synchronize=true;allowSplitPackages=true;cacheDir=/home/moustaud/Bureau/final/Reunion/GRUS/build/springloaded -XX:+TieredCompilation -XX:TieredStopAtLevel=1 -XX:CICompilerCount=3 -javaagent:/home/moustaud/.gradle/caches/modules-2/files-2.1/org.springframework/springloaded/1.2.5.RELEASE/5286364198a1f41d028c1d758ef7e44d2b63d6b1/springloaded-1.2.5.RELEASE.jar -Xverify:none -Xms768m -Xmx768m -Dfile.encoding=UTF-8 -Duser.country=FR -Duser.language=fr -Duser.variant 
java_command: grus.Application
java_class_path (initial): /home/moustaud/Bureau/final/Reunion/GRUS/build/classes/main:/home/moustaud/Bureau/final/Reunion/GRUS/build/resources/main:/home/moustaud/Bureau/final/Reunion/GRUS/gsp-classes:/home/moustaud/.gradle/caches/modules-2/files-2.1/org.grails.plugins/grails-spring-websocket/2.3.0/aa80bbef265c191047b41b56e9d2ce63d3004e6/grails-spring-websocket-2.3.0.jar:/home/moustaud/.gradle/caches/modules-2/files-2.1/org.springframework.boot/spring-boot-starter-logging/1.3.2.RELEASE/f45580c295d3d340b6af23562fa034d48cef085a/spring-boot-starter-logging-1.3.2.RELEASE.jar:/home/moustaud/.gradle/caches/modules-2/files-2.1/org.springframework.boot/spring-boot-autoconfigure/1.3.2.RELEASE/dbd3d19d62e588b7fd495e8a3071ff076d0f74d5/spring-boot-autoconfigure-1.3.2.RELEASE.jar:/home/moustaud/.gradle/caches/modules-2/files-2.1/org.grails/grails-core/3.1.1/dd69cfad3e84608d7f914b2f931513ebb06accc3/grails-core-3.1.1.jar:/home/moustaud/.gradle/caches/modules-2/files-2.1/org.springframework.boot/spring-boot-starter-actuator/1.3.2.RELEASE/3b15d341263824d27b2f5377832027bef8f5c016/spring-boot-starter-actuator-1.3.2.RELEASE.jar:/home/moustaud/.gradle/caches/modules-2/files-2.1/org.springframework.boot/spring-boot-starter-tomcat/1.3.2.RELEASE/cd57af767a29484de124b8ed46ae82d974cc6901/spring-boot-starter-tomcat-1.3.2.RELEASE.jar:/home/moustaud/.gradle/caches/modules-2/files-2.1/org.grails/grails-web-boot/3.1.1/c324ff29d2846a761f19922ca402443f3726088b/grails-web-boot-3.1.1.jar:/home/moustaud/.gradle/caches/modules-2/files-2.1/org.grails.plugins/cache/3.0.2/519bc1bffb2afa10c93b92e872d49a5238e96558/cache-3.0.2.jar:/home/moustaud/.gradle/caches/modules-2/files-2.1/org.grails.plugins/scaffolding/3.2.0/fce5425afc23f3121ce28fa15d2318ceadd4c16f/scaffolding-3.2.0.jar:/home/moustaud/.gradle/caches/modules-2/files-2.1/org.grails.plugins/cassandra/5.0.1/51f25b8036626b231bc270c8d59d534be426719/cassandra-5.0.1.jar:/home/moustaud/.gradle/caches/modules-2/files-2.1/com.datastax.cassandra/cassandra-dri
Launcher Type: SUN_STANDARD

Environment Variables:
JAVA_HOME=/usr/lib/jvm/java-8-oracle
PATH=/home/moustaud/.sdkman/candidates/grails/current/bin:/usr/local/sbin:/usr/local/bin:/usr/sbin:/usr/bin:/sbin:/bin:/usr/games:/usr/local/games:/usr/lib/jvm/java-8-oracle/bin:/usr/lib/jvm/java-8-oracle/db/bin:/usr/lib/jvm/java-8-oracle/jre/bin
SHELL=/bin/bash
DISPLAY=:0

Signal Handlers:
SIGSEGV: [libjvm.so+0xabb070], sa_mask[0]=11111111011111111101111111111110, sa_flags=SA_RESTART|SA_SIGINFO
SIGBUS: [libjvm.so+0xabb070], sa_mask[0]=11111111011111111101111111111110, sa_flags=SA_RESTART|SA_SIGINFO
SIGFPE: [libjvm.so+0x918480], sa_mask[0]=11111111011111111101111111111110, sa_flags=SA_RESTART|SA_SIGINFO
SIGPIPE: [libjvm.so+0x918480], sa_mask[0]=11111111011111111101111111111110, sa_flags=SA_RESTART|SA_SIGINFO
SIGXFSZ: [libjvm.so+0x918480], sa_mask[0]=11111111011111111101111111111110, sa_flags=SA_RESTART|SA_SIGINFO
SIGILL: [libjvm.so+0x918480], sa_mask[0]=11111111011111111101111111111110, sa_flags=SA_RESTART|SA_SIGINFO
SIGUSR1: SIG_DFL, sa_mask[0]=00000000000000000000000000000000, sa_flags=none
SIGUSR2: [libjvm.so+0x919ab0], sa_mask[0]=00100000000000000000000000000000, sa_flags=SA_RESTART|SA_SIGINFO
SIGHUP: SIG_DFL, sa_mask[0]=00000000000000000000000000000000, sa_flags=none
SIGINT: SIG_DFL, sa_mask[0]=00000000000000000000000000000000, sa_flags=none
SIGTERM: SIG_DFL, sa_mask[0]=00000000000000000000000000000000, sa_flags=none
SIGQUIT: SIG_DFL, sa_mask[0]=00000000000000000000000000000000, sa_flags=none


---------------  S Y S T E M  ---------------

OS:DISTRIB_ID=Ubuntu
DISTRIB_RELEASE=14.04
DISTRIB_CODENAME=trusty
DISTRIB_DESCRIPTION="Ubuntu 14.04.3 LTS"

uname:Linux 3.19.0-49-generic #55~14.04.1-Ubuntu SMP Fri Jan 22 11:24:31 UTC 2016 x86_64
libc:glibc 2.19 NPTL 2.19 
rlimit: STACK 8192k, CORE 0k, NPROC 15368, NOFILE 4096, AS infinity
load average:1.15 0.91 0.94

/proc/meminfo:
MemTotal:        3955652 kB
MemFree:          138652 kB
MemAvailable:     200676 kB
Buffers:           17484 kB
Cached:           359532 kB
SwapCached:        42984 kB
Active:          2793072 kB
Inactive:         860884 kB
Active(anon):    2676396 kB
Inactive(anon):   766000 kB
Active(file):     116676 kB
Inactive(file):    94884 kB
Unevictable:          32 kB
Mlocked:              32 kB
SwapTotal:        999420 kB
SwapFree:         150032 kB
Dirty:              3340 kB
Writeback:             0 kB
AnonPages:       3234432 kB
Mapped:           121804 kB
Shmem:            165164 kB
Slab:              72872 kB
SReclaimable:      38796 kB
SUnreclaim:        34076 kB
KernelStack:       11424 kB
PageTables:        37468 kB
NFS_Unstable:          0 kB
Bounce:                0 kB
WritebackTmp:          0 kB
CommitLimit:     2977244 kB
Committed_AS:    9469184 kB
VmallocTotal:   34359738367 kB
VmallocUsed:      374884 kB
VmallocChunk:   34359352064 kB
HardwareCorrupted:     0 kB
AnonHugePages:   1705984 kB
CmaTotal:              0 kB
CmaFree:               0 kB
HugePages_Total:       0
HugePages_Free:        0
HugePages_Rsvd:        0
HugePages_Surp:        0
Hugepagesize:       2048 kB
DirectMap4k:      119328 kB
DirectMap2M:     3985408 kB


CPU:total 4 (2 cores per cpu, 2 threads per core) family 6 model 42 stepping 7, cmov, cx8, fxsr, mmx, sse, sse2, sse3, ssse3, sse4.1, sse4.2, popcnt, avx, clmul, ht, tsc, tscinvbit

/proc/cpuinfo:
processor	: 0
vendor_id	: GenuineIntel
cpu family	: 6
model		: 42
model name	: Intel(R) Core(TM) i5-2410M CPU @ 2.30GHz
stepping	: 7
microcode	: 0x23
cpu MHz		: 805.628
cache size	: 3072 KB
physical id	: 0
siblings	: 4
core id		: 0
cpu cores	: 2
apicid		: 0
initial apicid	: 0
fpu		: yes
fpu_exception	: yes
cpuid level	: 13
wp		: yes
flags		: fpu vme de pse tsc msr pae mce cx8 apic sep mtrr pge mca cmov pat pse36 clflush dts acpi mmx fxsr sse sse2 ss ht tm pbe syscall nx rdtscp lm constant_tsc arch_perfmon pebs bts rep_good nopl xtopology nonstop_tsc aperfmperf eagerfpu pni pclmulqdq dtes64 monitor ds_cpl vmx est tm2 ssse3 cx16 xtpr pdcm pcid sse4_1 sse4_2 x2apic popcnt tsc_deadline_timer xsave avx lahf_lm ida arat epb pln pts dtherm tpr_shadow vnmi flexpriority ept vpid xsaveopt
bugs		:
bogomips	: 4589.21
clflush size	: 64
cache_alignment	: 64
address sizes	: 36 bits physical, 48 bits virtual
power management:

processor	: 1
vendor_id	: GenuineIntel
cpu family	: 6
model		: 42
model name	: Intel(R) Core(TM) i5-2410M CPU @ 2.30GHz
stepping	: 7
microcode	: 0x23
cpu MHz		: 799.968
cache size	: 3072 KB
physical id	: 0
siblings	: 4
core id		: 1
cpu cores	: 2
apicid		: 2
initial apicid	: 2
fpu		: yes
fpu_exception	: yes
cpuid level	: 13
wp		: yes
flags		: fpu vme de pse tsc msr pae mce cx8 apic sep mtrr pge mca cmov pat pse36 clflush dts acpi mmx fxsr sse sse2 ss ht tm pbe syscall nx rdtscp lm constant_tsc arch_perfmon pebs bts rep_good nopl xtopology nonstop_tsc aperfmperf eagerfpu pni pclmulqdq dtes64 monitor ds_cpl vmx est tm2 ssse3 cx16 xtpr pdcm pcid sse4_1 sse4_2 x2apic popcnt tsc_deadline_timer xsave avx lahf_lm ida arat epb pln pts dtherm tpr_shadow vnmi flexpriority ept vpid xsaveopt
bugs		:
bogomips	: 4589.21
clflush size	: 64
cache_alignment	: 64
address sizes	: 36 bits physical, 48 bits virtual
power management:

processor	: 2
vendor_id	: GenuineIntel
cpu family	: 6
model		: 42
model name	: Intel(R) Core(TM) i5-2410M CPU @ 2.30GHz
stepping	: 7
microcode	: 0x23
cpu MHz		: 2094.347
cache size	: 3072 KB
physical id	: 0
siblings	: 4
core id		: 0
cpu cores	: 2
apicid		: 1
initial apicid	: 1
fpu		: yes
fpu_exception	: yes
cpuid level	: 13
wp		: yes
flags		: fpu vme de pse tsc msr pae mce cx8 apic sep mtrr pge mca cmov pat pse36 clflush dts acpi mmx fxsr sse sse2 ss ht tm pbe syscall nx rdtscp lm constant_tsc arch_perfmon pebs bts rep_good nopl xtopology nonstop_tsc aperfmperf eagerfpu pni pclmulqdq dtes64 monitor ds_cpl vmx est tm2 ssse3 cx16 xtpr pdcm pcid sse4_1 sse4_2 x2apic popcnt tsc_deadline_timer xsave avx lahf_lm ida arat epb pln pts dtherm tpr_shadow vnmi flexpriority ept vpid xsaveopt
bugs		:
bogomips	: 4589.21
clflush size	: 64
cache_alignment	: 64
address sizes	: 36 bits physical, 48 bits virtual
power management:

processor	: 3
vendor_id	: GenuineIntel
cpu family	: 6
model		: 42
model name	: Intel(R) Core(TM) i5-2410M CPU @ 2.30GHz
stepping	: 7
microcode	: 0x23
cpu MHz		: 1492.214
cache size	: 3072 KB
physical id	: 0
siblings	: 4
core id		: 1
cpu cores	: 2
apicid		: 3
initial apicid	: 3
fpu		: yes
fpu_exception	: yes
cpuid level	: 13
wp		: yes
flags		: fpu vme de pse tsc msr pae mce cx8 apic sep mtrr pge mca cmov pat pse36 clflush dts acpi mmx fxsr sse sse2 ss ht tm pbe syscall nx rdtscp lm constant_tsc arch_perfmon pebs bts rep_good nopl xtopology nonstop_tsc aperfmperf eagerfpu pni pclmulqdq dtes64 monitor ds_cpl vmx est tm2 ssse3 cx16 xtpr pdcm pcid sse4_1 sse4_2 x2apic popcnt tsc_deadline_timer xsave avx lahf_lm ida arat epb pln pts dtherm tpr_shadow vnmi flexpriority ept vpid xsaveopt
bugs		:
bogomips	: 4589.21
clflush size	: 64
cache_alignment	: 64
address sizes	: 36 bits physical, 48 bits virtual
power management:



Memory: 4k page, physical 3955652k(138652k free), swap 999420k(150032k free)

vm_info: Java HotSpot(TM) 64-Bit Server VM (25.72-b15) for linux-amd64 JRE (1.8.0_72-b15), built on Dec 22 2015 22:00:07 by "java_re" with gcc 4.3.0 20080428 (Red Hat 4.3.0-8)

time: Tue Feb 16 13:39:33 2016
elapsed time: 0 seconds (0d 0h 0m 0s)

