#
# There is insufficient memory for the Java Runtime Environment to continue.
# Native memory allocation (mmap) failed to map 536870912 bytes for committing reserved memory.
# Possible reasons:
#   The system is out of physical RAM or swap space
#   In 32 bit mode, the process size limit was hit
# Possible solutions:
#   Reduce memory load on the system
#   Increase physical memory or swap space
#   Check if swap backing store is full
#   Use 64 bit Java on a 64 bit OS
#   Decrease Java heap size (-Xmx/-Xms)
#   Decrease number of Java threads
#   Decrease Java thread stack sizes (-Xss)
#   Set larger code cache with -XX:ReservedCodeCacheSize=
# This output file may be truncated or incomplete.
#
#  Out of Memory Error (os_linux.cpp:2627), pid=22801, tid=139794977310464
#
# JRE version:  (8.0_72-b15) (build )
# Java VM: Java HotSpot(TM) 64-Bit Server VM (25.72-b15 mixed mode linux-amd64 compressed oops)
# Failed to write core dump. Core dumps have been disabled. To enable core dumping, try "ulimit -c unlimited" before starting Java again
#

---------------  T H R E A D  ---------------

Current thread (0x00007f2488017000):  JavaThread "Unknown thread" [_thread_in_vm, id=22808, stack(0x00007f248de6c000,0x00007f248df6d000)]

Stack: [0x00007f248de6c000,0x00007f248df6d000],  sp=0x00007f248df6b370,  free space=1020k
Native frames: (J=compiled Java code, j=interpreted, Vv=VM code, C=native code)
V  [libjvm.so+0xaba7ea]  VMError::report_and_die()+0x2ba
V  [libjvm.so+0x4f9e3b]  report_vm_out_of_memory(char const*, int, unsigned long, VMErrorType, char const*)+0x8b
V  [libjvm.so+0x91b613]  os::Linux::commit_memory_impl(char*, unsigned long, bool)+0x103
V  [libjvm.so+0x91bb69]  os::pd_commit_memory(char*, unsigned long, unsigned long, bool)+0x29
V  [libjvm.so+0x915e6a]  os::commit_memory(char*, unsigned long, unsigned long, bool)+0x2a
V  [libjvm.so+0x989543]  PSVirtualSpace::expand_by(unsigned long)+0x53
V  [libjvm.so+0x979687]  PSOldGen::initialize(ReservedSpace, unsigned long, char const*, int)+0xb7
V  [libjvm.so+0x2d827a]  AdjoiningGenerations::AdjoiningGenerations(ReservedSpace, GenerationSizer*, unsigned long)+0x39a
V  [libjvm.so+0x93e9c6]  ParallelScavengeHeap::initialize()+0x1d6
V  [libjvm.so+0xa8301b]  Universe::initialize_heap()+0xfb
V  [libjvm.so+0xa8338e]  universe_init()+0x3e
V  [libjvm.so+0x6392c5]  init_globals()+0x65
V  [libjvm.so+0xa6758e]  Threads::create_vm(JavaVMInitArgs*, bool*)+0x23e
V  [libjvm.so+0x6cd7e4]  JNI_CreateJavaVM+0x74
C  [libjli.so+0x745e]  JavaMain+0x9e
C  [libpthread.so.0+0x8182]  start_thread+0xc2


---------------  P R O C E S S  ---------------

Java Threads: ( => current thread )

Other Threads:

=>0x00007f2488017000 (exited) JavaThread "Unknown thread" [_thread_in_vm, id=22808, stack(0x00007f248de6c000,0x00007f248df6d000)]

VM state:not at safepoint (not fully initialized)

VM Mutex/Monitor currently owned by a thread: None

GC Heap History (0 events):
No events

Deoptimization events (0 events):
No events

Internal exceptions (0 events):
No events

Events (0 events):
No events


Dynamic libraries:
00400000-00401000 r-xp 00000000 08:06 4065301                            /usr/lib/jvm/java-8-oracle/bin/java
00600000-00601000 rw-p 00000000 08:06 4065301                            /usr/lib/jvm/java-8-oracle/bin/java
0091e000-0093f000 rw-p 00000000 00:00 0                                  [heap]
f0000000-100000000 rw-p 00000000 00:00 0 
7f2477596000-7f247781b000 rw-p 00000000 00:00 0 
7f247781b000-7f247791b000 ---p 00000000 00:00 0 
7f247791b000-7f24779a6000 rw-p 00000000 00:00 0 
7f24779a6000-7f2477d5c000 ---p 00000000 00:00 0 
7f2477d5c000-7f2477fcc000 rwxp 00000000 00:00 0 
7f2477fcc000-7f2486d5c000 ---p 00000000 00:00 0 
7f2486d5c000-7f2486d76000 r-xp 00000000 08:06 4065492                    /usr/lib/jvm/java-8-oracle/jre/lib/amd64/libzip.so
7f2486d76000-7f2486f76000 ---p 0001a000 08:06 4065492                    /usr/lib/jvm/java-8-oracle/jre/lib/amd64/libzip.so
7f2486f76000-7f2486f77000 rw-p 0001a000 08:06 4065492                    /usr/lib/jvm/java-8-oracle/jre/lib/amd64/libzip.so
7f2486f77000-7f2486f82000 r-xp 00000000 08:06 4853989                    /lib/x86_64-linux-gnu/libnss_files-2.19.so
7f2486f82000-7f2487181000 ---p 0000b000 08:06 4853989                    /lib/x86_64-linux-gnu/libnss_files-2.19.so
7f2487181000-7f2487182000 r--p 0000a000 08:06 4853989                    /lib/x86_64-linux-gnu/libnss_files-2.19.so
7f2487182000-7f2487183000 rw-p 0000b000 08:06 4853989                    /lib/x86_64-linux-gnu/libnss_files-2.19.so
7f2487183000-7f248718e000 r-xp 00000000 08:06 4853999                    /lib/x86_64-linux-gnu/libnss_nis-2.19.so
7f248718e000-7f248738d000 ---p 0000b000 08:06 4853999                    /lib/x86_64-linux-gnu/libnss_nis-2.19.so
7f248738d000-7f248738e000 r--p 0000a000 08:06 4853999                    /lib/x86_64-linux-gnu/libnss_nis-2.19.so
7f248738e000-7f248738f000 rw-p 0000b000 08:06 4853999                    /lib/x86_64-linux-gnu/libnss_nis-2.19.so
7f248738f000-7f24873a6000 r-xp 00000000 08:06 4853983                    /lib/x86_64-linux-gnu/libnsl-2.19.so
7f24873a6000-7f24875a5000 ---p 00017000 08:06 4853983                    /lib/x86_64-linux-gnu/libnsl-2.19.so
7f24875a5000-7f24875a6000 r--p 00016000 08:06 4853983                    /lib/x86_64-linux-gnu/libnsl-2.19.so
7f24875a6000-7f24875a7000 rw-p 00017000 08:06 4853983                    /lib/x86_64-linux-gnu/libnsl-2.19.so
7f24875a7000-7f24875a9000 rw-p 00000000 00:00 0 
7f24875a9000-7f24875b2000 r-xp 00000000 08:06 4853985                    /lib/x86_64-linux-gnu/libnss_compat-2.19.so
7f24875b2000-7f24877b1000 ---p 00009000 08:06 4853985                    /lib/x86_64-linux-gnu/libnss_compat-2.19.so
7f24877b1000-7f24877b2000 r--p 00008000 08:06 4853985                    /lib/x86_64-linux-gnu/libnss_compat-2.19.so
7f24877b2000-7f24877b3000 rw-p 00009000 08:06 4853985                    /lib/x86_64-linux-gnu/libnss_compat-2.19.so
7f24877b3000-7f24877bd000 r-xp 00000000 08:06 4065540                    /usr/lib/jvm/java-8-oracle/jre/lib/amd64/libinstrument.so
7f24877bd000-7f24879bc000 ---p 0000a000 08:06 4065540                    /usr/lib/jvm/java-8-oracle/jre/lib/amd64/libinstrument.so
7f24879bc000-7f24879bd000 rw-p 00009000 08:06 4065540                    /usr/lib/jvm/java-8-oracle/jre/lib/amd64/libinstrument.so
7f24879bd000-7f24879e7000 r-xp 00000000 08:06 4065494                    /usr/lib/jvm/java-8-oracle/jre/lib/amd64/libjava.so
7f24879e7000-7f2487be7000 ---p 0002a000 08:06 4065494                    /usr/lib/jvm/java-8-oracle/jre/lib/amd64/libjava.so
7f2487be7000-7f2487be9000 rw-p 0002a000 08:06 4065494                    /usr/lib/jvm/java-8-oracle/jre/lib/amd64/libjava.so
7f2487be9000-7f2487bf6000 r-xp 00000000 08:06 4065522                    /usr/lib/jvm/java-8-oracle/jre/lib/amd64/libverify.so
7f2487bf6000-7f2487df6000 ---p 0000d000 08:06 4065522                    /usr/lib/jvm/java-8-oracle/jre/lib/amd64/libverify.so
7f2487df6000-7f2487df8000 rw-p 0000d000 08:06 4065522                    /usr/lib/jvm/java-8-oracle/jre/lib/amd64/libverify.so
7f2487df8000-7f2487dff000 r-xp 00000000 08:06 4854042                    /lib/x86_64-linux-gnu/librt-2.19.so
7f2487dff000-7f2487ffe000 ---p 00007000 08:06 4854042                    /lib/x86_64-linux-gnu/librt-2.19.so
7f2487ffe000-7f2487fff000 r--p 00006000 08:06 4854042                    /lib/x86_64-linux-gnu/librt-2.19.so
7f2487fff000-7f2488000000 rw-p 00007000 08:06 4854042                    /lib/x86_64-linux-gnu/librt-2.19.so
7f2488000000-7f248803f000 rw-p 00000000 00:00 0 
7f248803f000-7f248c000000 ---p 00000000 00:00 0 
7f248c082000-7f248c187000 r-xp 00000000 08:06 4853964                    /lib/x86_64-linux-gnu/libm-2.19.so
7f248c187000-7f248c386000 ---p 00105000 08:06 4853964                    /lib/x86_64-linux-gnu/libm-2.19.so
7f248c386000-7f248c387000 r--p 00104000 08:06 4853964                    /lib/x86_64-linux-gnu/libm-2.19.so
7f248c387000-7f248c388000 rw-p 00105000 08:06 4853964                    /lib/x86_64-linux-gnu/libm-2.19.so
7f248c388000-7f248d047000 r-xp 00000000 08:06 4065513                    /usr/lib/jvm/java-8-oracle/jre/lib/amd64/server/libjvm.so
7f248d047000-7f248d246000 ---p 00cbf000 08:06 4065513                    /usr/lib/jvm/java-8-oracle/jre/lib/amd64/server/libjvm.so
7f248d246000-7f248d31f000 rw-p 00cbe000 08:06 4065513                    /usr/lib/jvm/java-8-oracle/jre/lib/amd64/server/libjvm.so
7f248d31f000-7f248d368000 rw-p 00000000 00:00 0 
7f248d368000-7f248d523000 r-xp 00000000 08:06 4853914                    /lib/x86_64-linux-gnu/libc-2.19.so
7f248d523000-7f248d722000 ---p 001bb000 08:06 4853914                    /lib/x86_64-linux-gnu/libc-2.19.so
7f248d722000-7f248d726000 r--p 001ba000 08:06 4853914                    /lib/x86_64-linux-gnu/libc-2.19.so
7f248d726000-7f248d728000 rw-p 001be000 08:06 4853914                    /lib/x86_64-linux-gnu/libc-2.19.so
7f248d728000-7f248d72d000 rw-p 00000000 00:00 0 
7f248d72d000-7f248d730000 r-xp 00000000 08:06 4853931                    /lib/x86_64-linux-gnu/libdl-2.19.so
7f248d730000-7f248d92f000 ---p 00003000 08:06 4853931                    /lib/x86_64-linux-gnu/libdl-2.19.so
7f248d92f000-7f248d930000 r--p 00002000 08:06 4853931                    /lib/x86_64-linux-gnu/libdl-2.19.so
7f248d930000-7f248d931000 rw-p 00003000 08:06 4853931                    /lib/x86_64-linux-gnu/libdl-2.19.so
7f248d931000-7f248d946000 r-xp 00000000 08:06 4070910                    /usr/lib/jvm/java-8-oracle/lib/amd64/jli/libjli.so
7f248d946000-7f248db46000 ---p 00015000 08:06 4070910                    /usr/lib/jvm/java-8-oracle/lib/amd64/jli/libjli.so
7f248db46000-7f248db47000 rw-p 00015000 08:06 4070910                    /usr/lib/jvm/java-8-oracle/lib/amd64/jli/libjli.so
7f248db47000-7f248db60000 r-xp 00000000 08:06 4854034                    /lib/x86_64-linux-gnu/libpthread-2.19.so
7f248db60000-7f248dd5f000 ---p 00019000 08:06 4854034                    /lib/x86_64-linux-gnu/libpthread-2.19.so
7f248dd5f000-7f248dd60000 r--p 00018000 08:06 4854034                    /lib/x86_64-linux-gnu/libpthread-2.19.so
7f248dd60000-7f248dd61000 rw-p 00019000 08:06 4854034                    /lib/x86_64-linux-gnu/libpthread-2.19.so
7f248dd61000-7f248dd65000 rw-p 00000000 00:00 0 
7f248dd65000-7f248dd88000 r-xp 00000000 08:06 4853890                    /lib/x86_64-linux-gnu/ld-2.19.so
7f248de6c000-7f248de6f000 ---p 00000000 00:00 0 
7f248de6f000-7f248df71000 rw-p 00000000 00:00 0                          [stack:22808]
7f248df78000-7f248df7b000 rw-p 00000000 00:00 0 
7f248df7b000-7f248df83000 rw-s 00000000 08:06 5650610                    /tmp/hsperfdata_moustaud/22801
7f248df83000-7f248df84000 rw-p 00000000 00:00 0 
7f248df84000-7f248df85000 r--p 00000000 00:00 0 
7f248df85000-7f248df87000 rw-p 00000000 00:00 0 
7f248df87000-7f248df88000 r--p 00022000 08:06 4853890                    /lib/x86_64-linux-gnu/ld-2.19.so
7f248df88000-7f248df89000 rw-p 00023000 08:06 4853890                    /lib/x86_64-linux-gnu/ld-2.19.so
7f248df89000-7f248df8a000 rw-p 00000000 00:00 0 
7ffd2b4ad000-7ffd2b4d4000 rw-p 00000000 00:00 0                          [stack]
7ffd2b531000-7ffd2b533000 r--p 00000000 00:00 0                          [vvar]
7ffd2b533000-7ffd2b535000 r-xp 00000000 00:00 0                          [vdso]
ffffffffff600000-ffffffffff601000 r-xp 00000000 00:00 0                  [vsyscall]

VM Arguments:
jvm_args: -Dendpoints.shutdown.enabled=true -Denv=development -Dgrails.env=development -Dgrails.full.stacktrace -Dinfo.app.grailsVersion=3.1.1 -Dinfo.app.name=GRUS -Dinfo.app.version=0.1 -Djdk.reflect.allowGetCallerClass=true -Drun.active=true -Dspringloaded=inclusions=grails.plugins..*;synchronize=true;allowSplitPackages=true;cacheDir=/home/moustaud/Bureau/final/Reunion/GRUS/build/springloaded -XX:+TieredCompilation -XX:TieredStopAtLevel=1 -XX:CICompilerCount=3 -javaagent:/home/moustaud/.gradle/caches/modules-2/files-2.1/org.springframework/springloaded/1.2.5.RELEASE/5286364198a1f41d028c1d758ef7e44d2b63d6b1/springloaded-1.2.5.RELEASE.jar -Xverify:none -Xms768m -Xmx768m -Dfile.encoding=UTF-8 -Duser.country=FR -Duser.language=fr -Duser.variant 
java_command: grus.Application
java_class_path (initial): /home/moustaud/Bureau/final/Reunion/GRUS/build/classes/main:/home/moustaud/Bureau/final/Reunion/GRUS/build/resources/main:/home/moustaud/Bureau/final/Reunion/GRUS/gsp-classes:/home/moustaud/.gradle/caches/modules-2/files-2.1/org.grails.plugins/grails-spring-websocket/2.3.0/aa80bbef265c191047b41b56e9d2ce63d3004e6/grails-spring-websocket-2.3.0.jar:/home/moustaud/.gradle/caches/modules-2/files-2.1/org.springframework.boot/spring-boot-starter-logging/1.3.2.RELEASE/f45580c295d3d340b6af23562fa034d48cef085a/spring-boot-starter-logging-1.3.2.RELEASE.jar:/home/moustaud/.gradle/caches/modules-2/files-2.1/org.springframework.boot/spring-boot-autoconfigure/1.3.2.RELEASE/dbd3d19d62e588b7fd495e8a3071ff076d0f74d5/spring-boot-autoconfigure-1.3.2.RELEASE.jar:/home/moustaud/.gradle/caches/modules-2/files-2.1/org.grails/grails-core/3.1.1/dd69cfad3e84608d7f914b2f931513ebb06accc3/grails-core-3.1.1.jar:/home/moustaud/.gradle/caches/modules-2/files-2.1/org.springframework.boot/spring-boot-starter-actuator/1.3.2.RELEASE/3b15d341263824d27b2f5377832027bef8f5c016/spring-boot-starter-actuator-1.3.2.RELEASE.jar:/home/moustaud/.gradle/caches/modules-2/files-2.1/org.springframework.boot/spring-boot-starter-tomcat/1.3.2.RELEASE/cd57af767a29484de124b8ed46ae82d974cc6901/spring-boot-starter-tomcat-1.3.2.RELEASE.jar:/home/moustaud/.gradle/caches/modules-2/files-2.1/org.grails/grails-web-boot/3.1.1/c324ff29d2846a761f19922ca402443f3726088b/grails-web-boot-3.1.1.jar:/home/moustaud/.gradle/caches/modules-2/files-2.1/org.grails.plugins/cache/3.0.2/519bc1bffb2afa10c93b92e872d49a5238e96558/cache-3.0.2.jar:/home/moustaud/.gradle/caches/modules-2/files-2.1/org.grails.plugins/scaffolding/3.2.0/fce5425afc23f3121ce28fa15d2318ceadd4c16f/scaffolding-3.2.0.jar:/home/moustaud/.gradle/caches/modules-2/files-2.1/org.grails.plugins/cassandra/5.0.1/51f25b8036626b231bc270c8d59d534be426719/cassandra-5.0.1.jar:/home/moustaud/.gradle/caches/modules-2/files-2.1/com.datastax.cassandra/cassandra-dri
Launcher Type: SUN_STANDARD

Environment Variables:
JAVA_HOME=/usr/lib/jvm/java-8-oracle
PATH=/home/moustaud/.sdkman/candidates/grails/current/bin:/usr/local/sbin:/usr/local/bin:/usr/sbin:/usr/bin:/sbin:/bin:/usr/games:/usr/local/games:/usr/lib/jvm/java-8-oracle/bin:/usr/lib/jvm/java-8-oracle/db/bin:/usr/lib/jvm/java-8-oracle/jre/bin
SHELL=/bin/bash
DISPLAY=:0

Signal Handlers:
SIGSEGV: [libjvm.so+0xabb070], sa_mask[0]=11111111011111111101111111111110, sa_flags=SA_RESTART|SA_SIGINFO
SIGBUS: [libjvm.so+0xabb070], sa_mask[0]=11111111011111111101111111111110, sa_flags=SA_RESTART|SA_SIGINFO
SIGFPE: [libjvm.so+0x918480], sa_mask[0]=11111111011111111101111111111110, sa_flags=SA_RESTART|SA_SIGINFO
SIGPIPE: [libjvm.so+0x918480], sa_mask[0]=11111111011111111101111111111110, sa_flags=SA_RESTART|SA_SIGINFO
SIGXFSZ: [libjvm.so+0x918480], sa_mask[0]=11111111011111111101111111111110, sa_flags=SA_RESTART|SA_SIGINFO
SIGILL: [libjvm.so+0x918480], sa_mask[0]=11111111011111111101111111111110, sa_flags=SA_RESTART|SA_SIGINFO
SIGUSR1: SIG_DFL, sa_mask[0]=00000000000000000000000000000000, sa_flags=none
SIGUSR2: [libjvm.so+0x919ab0], sa_mask[0]=00100000000000000000000000000000, sa_flags=SA_RESTART|SA_SIGINFO
SIGHUP: SIG_DFL, sa_mask[0]=00000000000000000000000000000000, sa_flags=none
SIGINT: SIG_DFL, sa_mask[0]=00000000000000000000000000000000, sa_flags=none
SIGTERM: SIG_DFL, sa_mask[0]=00000000000000000000000000000000, sa_flags=none
SIGQUIT: SIG_DFL, sa_mask[0]=00000000000000000000000000000000, sa_flags=none


---------------  S Y S T E M  ---------------

OS:DISTRIB_ID=Ubuntu
DISTRIB_RELEASE=14.04
DISTRIB_CODENAME=trusty
DISTRIB_DESCRIPTION="Ubuntu 14.04.3 LTS"

uname:Linux 3.19.0-49-generic #55~14.04.1-Ubuntu SMP Fri Jan 22 11:24:31 UTC 2016 x86_64
libc:glibc 2.19 NPTL 2.19 
rlimit: STACK 8192k, CORE 0k, NPROC 15368, NOFILE 4096, AS infinity
load average:2.28 1.44 1.18

/proc/meminfo:
MemTotal:        3955652 kB
MemFree:          147816 kB
MemAvailable:     264628 kB
Buffers:           19980 kB
Cached:           418416 kB
SwapCached:         7232 kB
Active:          2531488 kB
Inactive:        1110840 kB
Active(anon):    2385060 kB
Inactive(anon):   991368 kB
Active(file):     146428 kB
Inactive(file):   119472 kB
Unevictable:          32 kB
Mlocked:              32 kB
SwapTotal:        999420 kB
SwapFree:         109676 kB
Dirty:              5344 kB
Writeback:             0 kB
AnonPages:       3196732 kB
Mapped:           171856 kB
Shmem:            172488 kB
Slab:              74676 kB
SReclaimable:      39696 kB
SUnreclaim:        34980 kB
KernelStack:       11680 kB
PageTables:        38064 kB
NFS_Unstable:          0 kB
Bounce:                0 kB
WritebackTmp:          0 kB
CommitLimit:     2977244 kB
Committed_AS:    9463888 kB
VmallocTotal:   34359738367 kB
VmallocUsed:      374884 kB
VmallocChunk:   34359352064 kB
HardwareCorrupted:     0 kB
AnonHugePages:   1636352 kB
CmaTotal:              0 kB
CmaFree:               0 kB
HugePages_Total:       0
HugePages_Free:        0
HugePages_Rsvd:        0
HugePages_Surp:        0
Hugepagesize:       2048 kB
DirectMap4k:      119328 kB
DirectMap2M:     3985408 kB


CPU:total 4 (2 cores per cpu, 2 threads per core) family 6 model 42 stepping 7, cmov, cx8, fxsr, mmx, sse, sse2, sse3, ssse3, sse4.1, sse4.2, popcnt, avx, clmul, ht, tsc, tscinvbit

/proc/cpuinfo:
processor	: 0
vendor_id	: GenuineIntel
cpu family	: 6
model		: 42
model name	: Intel(R) Core(TM) i5-2410M CPU @ 2.30GHz
stepping	: 7
microcode	: 0x23
cpu MHz		: 2577.347
cache size	: 3072 KB
physical id	: 0
siblings	: 4
core id		: 0
cpu cores	: 2
apicid		: 0
initial apicid	: 0
fpu		: yes
fpu_exception	: yes
cpuid level	: 13
wp		: yes
flags		: fpu vme de pse tsc msr pae mce cx8 apic sep mtrr pge mca cmov pat pse36 clflush dts acpi mmx fxsr sse sse2 ss ht tm pbe syscall nx rdtscp lm constant_tsc arch_perfmon pebs bts rep_good nopl xtopology nonstop_tsc aperfmperf eagerfpu pni pclmulqdq dtes64 monitor ds_cpl vmx est tm2 ssse3 cx16 xtpr pdcm pcid sse4_1 sse4_2 x2apic popcnt tsc_deadline_timer xsave avx lahf_lm ida arat epb pln pts dtherm tpr_shadow vnmi flexpriority ept vpid xsaveopt
bugs		:
bogomips	: 4589.21
clflush size	: 64
cache_alignment	: 64
address sizes	: 36 bits physical, 48 bits virtual
power management:

processor	: 1
vendor_id	: GenuineIntel
cpu family	: 6
model		: 42
model name	: Intel(R) Core(TM) i5-2410M CPU @ 2.30GHz
stepping	: 7
microcode	: 0x23
cpu MHz		: 2551.113
cache size	: 3072 KB
physical id	: 0
siblings	: 4
core id		: 1
cpu cores	: 2
apicid		: 2
initial apicid	: 2
fpu		: yes
fpu_exception	: yes
cpuid level	: 13
wp		: yes
flags		: fpu vme de pse tsc msr pae mce cx8 apic sep mtrr pge mca cmov pat pse36 clflush dts acpi mmx fxsr sse sse2 ss ht tm pbe syscall nx rdtscp lm constant_tsc arch_perfmon pebs bts rep_good nopl xtopology nonstop_tsc aperfmperf eagerfpu pni pclmulqdq dtes64 monitor ds_cpl vmx est tm2 ssse3 cx16 xtpr pdcm pcid sse4_1 sse4_2 x2apic popcnt tsc_deadline_timer xsave avx lahf_lm ida arat epb pln pts dtherm tpr_shadow vnmi flexpriority ept vpid xsaveopt
bugs		:
bogomips	: 4589.21
clflush size	: 64
cache_alignment	: 64
address sizes	: 36 bits physical, 48 bits virtual
power management:

processor	: 2
vendor_id	: GenuineIntel
cpu family	: 6
model		: 42
model name	: Intel(R) Core(TM) i5-2410M CPU @ 2.30GHz
stepping	: 7
microcode	: 0x23
cpu MHz		: 2627.390
cache size	: 3072 KB
physical id	: 0
siblings	: 4
core id		: 0
cpu cores	: 2
apicid		: 1
initial apicid	: 1
fpu		: yes
fpu_exception	: yes
cpuid level	: 13
wp		: yes
flags		: fpu vme de pse tsc msr pae mce cx8 apic sep mtrr pge mca cmov pat pse36 clflush dts acpi mmx fxsr sse sse2 ss ht tm pbe syscall nx rdtscp lm constant_tsc arch_perfmon pebs bts rep_good nopl xtopology nonstop_tsc aperfmperf eagerfpu pni pclmulqdq dtes64 monitor ds_cpl vmx est tm2 ssse3 cx16 xtpr pdcm pcid sse4_1 sse4_2 x2apic popcnt tsc_deadline_timer xsave avx lahf_lm ida arat epb pln pts dtherm tpr_shadow vnmi flexpriority ept vpid xsaveopt
bugs		:
bogomips	: 4589.21
clflush size	: 64
cache_alignment	: 64
address sizes	: 36 bits physical, 48 bits virtual
power management:

processor	: 3
vendor_id	: GenuineIntel
cpu family	: 6
model		: 42
model name	: Intel(R) Core(TM) i5-2410M CPU @ 2.30GHz
stepping	: 7
microcode	: 0x23
cpu MHz		: 2547.519
cache size	: 3072 KB
physical id	: 0
siblings	: 4
core id		: 1
cpu cores	: 2
apicid		: 3
initial apicid	: 3
fpu		: yes
fpu_exception	: yes
cpuid level	: 13
wp		: yes
flags		: fpu vme de pse tsc msr pae mce cx8 apic sep mtrr pge mca cmov pat pse36 clflush dts acpi mmx fxsr sse sse2 ss ht tm pbe syscall nx rdtscp lm constant_tsc arch_perfmon pebs bts rep_good nopl xtopology nonstop_tsc aperfmperf eagerfpu pni pclmulqdq dtes64 monitor ds_cpl vmx est tm2 ssse3 cx16 xtpr pdcm pcid sse4_1 sse4_2 x2apic popcnt tsc_deadline_timer xsave avx lahf_lm ida arat epb pln pts dtherm tpr_shadow vnmi flexpriority ept vpid xsaveopt
bugs		:
bogomips	: 4589.21
clflush size	: 64
cache_alignment	: 64
address sizes	: 36 bits physical, 48 bits virtual
power management:



Memory: 4k page, physical 3955652k(147816k free), swap 999420k(109676k free)

vm_info: Java HotSpot(TM) 64-Bit Server VM (25.72-b15) for linux-amd64 JRE (1.8.0_72-b15), built on Dec 22 2015 22:00:07 by "java_re" with gcc 4.3.0 20080428 (Red Hat 4.3.0-8)

time: Tue Feb 16 14:35:25 2016
elapsed time: 0 seconds (0d 0h 0m 0s)

